<?xml version="1.0" encoding="UTF-8"?>
<!-- Generated by org.testng.reporters.JUnitReportReporter -->
<testsuite hostname="LAPTOP-8KGI7L9A" failures="0" tests="2" name="runner.TestNgRunner" time="26.320" errors="0" timestamp="2022-08-23T00:21:47 IST" skipped="0">
  <testcase classname="runner.TestNgRunner" name="runScenario" time="14.674"/>
  <system-out/>
  <testcase classname="runner.TestNgRunner" name="runScenario" time="11.646"/>
  <system-out/>
</testsuite> <!-- runner.TestNgRunner -->
