<?xml version="1.0" encoding="UTF-8"?>
<!-- Generated by org.testng.reporters.JUnitReportReporter -->
<testsuite hostname="LAPTOP-8KGI7L9A" failures="0" tests="1" name="cucumberOption.TestNgRunner" time="0.073" errors="0" timestamp="2022-08-11T19:21:04 IST" skipped="0">
  <testcase classname="cucumberOption.TestNgRunner" name="runScenario" time="0.073"/>
  <system-out/>
</testsuite> <!-- cucumberOption.TestNgRunner -->
